  Per-object placement: pos=[-0.1   0.8  -0.01], quat=[0.70710678 0.         0.         0.70710678]
  Reconfig cost: base joints=(0, 1, 2), wrist joints=(3, 4, 5), L2 weights=[1.0, 1.0, 0.5, 0.2, 0.2, 0.05], penalty base:wrist = 12.0:1.0
[1/6] Validating Julia/GLNS environment...
[2/6] Loading raw-index viewpoints and Delaunay graph...
  74 viewpoints, 179 Delaunay edges
  Graph relaxed to 2-hop: 179 → 457 edges (GLNS 순서 자유도↑)
[3/6] Computing fresh collision-aware IK candidates...
  Collision world: 7 cuboids + target mesh (1024 faces)
  Periodic joint lifting enabled: ['shoulder_pan_joint', 'shoulder_lift_joint', 'wrist_1_joint', 'wrist_2_joint', 'wrist_3_joint']
  Pose variants: 2072 total (28/viewpoint)
Warp DeprecationWarning: The symbol `warp.torch.device_from_torch` will soon be removed from the public API. Use `warp.device_from_torch` instead.
    IK batch 17/17 (1.4s)
  Phase 1 done: 15424/66304 IK solutions (23.3% success)
  Reachable: 72/74; collision candidates removed: 0
[4/6] Recomputing induced Delaunay components...
  3 components after dropping unreachable viewpoints
  Candidate caps: component 0=K32, component 1=K32, component 2=K32
  Candidate pruning: 5132 raw → 2262 retained, 0.27s (440 undirected edges, no reverse recomputation)
[5/6] Solving one open GTSP per component...
  component 0: 46 viewpoints, K_eff=32
    SOLVED: reconfigs=1 (base=0, any=1), lifted_joints=44, cost=69956448, 3.82s
  component 1: 10 viewpoints, K_eff=32
    SOLVED: reconfigs=0 (base=0, any=0), lifted_joints=10, cost=286, 2.69s
  component 2: 16 viewpoints, K_eff=32
    SOLVED: reconfigs=0 (base=0, any=0), lifted_joints=16, cost=259879, 2.74s
[6/6] Writing standalone GLNS result...
  GLNS_RESULT_H5 /home/sungjin/Documents/lg_sgu_vision_v2/data/sample/placement_sweep/glns_result_005.h5
  solved=3/3, reconfigs=1 (base=0, any=1), unreachable=2
