  Reconfig cost: base joints=(0, 1, 2), wrist joints=(3, 4, 5), L2 weights=[1.0, 1.0, 0.5, 0.2, 0.2, 0.05], penalty base:wrist = 12.0:1.0
[1/6] Validating Julia/GLNS environment...
[2/6] Loading raw-index viewpoints and Delaunay graph...
  22 viewpoints, 50 Delaunay edges
  Graph relaxed to 2-hop: 50 → 125 edges (GLNS 순서 자유도↑)
[3/6] Computing fresh collision-aware IK candidates...
  Collision world: 8 cuboids (target as box proxy [0.046, 0.046, 0.081] m — 소형 mesh 충돌 오판 회피)
  Periodic joint lifting enabled: ['shoulder_pan_joint', 'shoulder_lift_joint', 'wrist_1_joint', 'wrist_2_joint', 'wrist_3_joint']
  Pose variants: 616 total (28/viewpoint)
Warp DeprecationWarning: The symbol `warp.torch.device_from_torch` will soon be removed from the public API. Use `warp.device_from_torch` instead.
    IK batch 5/5 (1.2s)
  Phase 1 done: 4031/19712 IK solutions (20.4% success)
  Reachable: 22/22; collision candidates removed: 0
[4/6] Recomputing induced Delaunay components...
  1 components after dropping unreachable viewpoints
  Candidate caps: component 0=K32
  Candidate pruning: 1388 raw → 634 retained, 0.06s (125 undirected edges, no reverse recomputation)
[5/6] Solving one open GTSP per component...
  component 0: 22 viewpoints, K_eff=32
    SOLVED: reconfigs=1 (base=1, any=1), lifted_joints=1, cost=380023517, 2.43s
[6/6] Writing standalone GLNS result...
  GLNS_RESULT_H5 /home/sungjin/Documents/lg_sgu_vision_v2/data/cylinder_sample/placement_sweep/glns_result_035.h5
  solved=1/1, reconfigs=1 (base=1, any=1), unreachable=0
