  Per-object placement: pos=[-0.1   0.8   0.19], quat=[1. 0. 0. 0.]
  Reconfig cost: base joints=(0, 1, 2), wrist joints=(3, 4, 5), L2 weights=[1.0, 1.0, 0.5, 0.2, 0.2, 0.05], penalty base:wrist = 12.0:1.0
[1/6] Validating Julia/GLNS environment...
[2/6] Loading raw-index viewpoints and Delaunay graph...
  100 viewpoints, 255 Delaunay edges
  Graph relaxed to 2-hop: 255 → 668 edges (GLNS 순서 자유도↑)
[3/6] Computing fresh collision-aware IK candidates...
  Collision world: 7 cuboids + target mesh (3022 faces)
  Periodic joint lifting enabled: ['shoulder_pan_joint', 'shoulder_lift_joint', 'wrist_1_joint', 'wrist_2_joint', 'wrist_3_joint']
  Pose variants: 2800 total (28/viewpoint)
Warp DeprecationWarning: The symbol `warp.torch.device_from_torch` will soon be removed from the public API. Use `warp.device_from_torch` instead.
    IK batch 22/22 (1.5s)
  Phase 1 done: 20900/89600 IK solutions (23.3% success)
  Reachable: 100/100; collision candidates removed: 0
[4/6] Recomputing induced Delaunay components...
  1 components after dropping unreachable viewpoints
  Candidate caps: component 0=K32
  Candidate pruning: 6858 raw → 3072 retained, 0.40s (668 undirected edges, no reverse recomputation)
[5/6] Solving one open GTSP per component...
  component 0: 100 viewpoints, K_eff=32
    SOLVED: reconfigs=6 (base=0, any=6), lifted_joints=105, cost=2100673489, 4.42s
[6/6] Writing standalone GLNS result...
  GLNS_RESULT_H5 /home/sungjin/Documents/lg_sgu_vision_v2/data/curved_structure/placement_sweep/glns_result_067.h5
  solved=1/1, reconfigs=6 (base=0, any=6), unreachable=0
